<?xml version="1.0" encoding="UTF-8"?>
<testsuite xmlns:xsi="http://www.w3.org/2001/XMLSchema-instance" xsi:noNamespaceSchemaLocation="https://maven.apache.org/surefire/maven-surefire-plugin/xsd/surefire-test-report.xsd" name="com.tieto.training.CircleTest" time="0.085" tests="9" errors="9" skipped="0" failures="0">
  <properties>
[...]
</properties>
  <testcase name="isInsideXYLeftDownInTest" classname="com.tieto.training.CircleTest" time="0.017">
    <error type="java.lang.NullPointerException">java.lang.NullPointerException
	at com.tieto.training.CircleTest.isInsideXYLeftDownInTest(CircleTest.java:46)
</error>
  </testcase>
  <testcase name="isInsideInXYRightUpOutTest" classname="com.tieto.training.CircleTest" time="0.02">
    <error type="java.lang.NullPointerException">java.lang.NullPointerException
	at com.tieto.training.CircleTest.isInsideInXYRightUpOutTest(CircleTest.java:30)
</error>
  </testcase>
  <testcase name="isInsideInXYLeftDownOutTest" classname="com.tieto.training.CircleTest" time="0.001">
    <error type="java.lang.NullPointerException">java.lang.NullPointerException
	at com.tieto.training.CircleTest.isInsideInXYLeftDownOutTest(CircleTest.java:54)
</error>
  </testcase>
  <testcase name="isInsideSameAsCenterYesTest" classname="com.tieto.training.CircleTest" time="0.004">
    <error type="java.lang.NullPointerException">java.lang.NullPointerException
	at com.tieto.training.CircleTest.isInsideSameAsCenterYesTest(CircleTest.java:38)
</error>
  </testcase>
  <testcase name="isInsideXYRightUpInTest" classname="com.tieto.training.CircleTest" time="0.001">
    <error type="java.lang.NullPointerException">java.lang.NullPointerException
	at com.tieto.training.CircleTest.isInsideXYRightUpInTest(CircleTest.java:22)
</error>
  </testcase>
  <testcase name="isInsideInXYLeftUpOutTest" classname="com.tieto.training.CircleTest" time="0.001">
    <error type="java.lang.NullPointerException">java.lang.NullPointerException
	at com.tieto.training.CircleTest.isInsideInXYLeftUpOutTest(CircleTest.java:70)
</error>
  </testcase>
  <testcase name="isInsideOnTheEdgeLeft" classname="com.tieto.training.CircleTest" time="0">
    <error type="java.lang.NullPointerException">java.lang.NullPointerException
	at com.tieto.training.CircleTest.isInsideOnTheEdgeLeft(CircleTest.java:86)
</error>
  </testcase>
  <testcase name="isInsideOnTheEdgeRight" classname="com.tieto.training.CircleTest" time="0">
    <error type="java.lang.NullPointerException">java.lang.NullPointerException
	at com.tieto.training.CircleTest.isInsideOnTheEdgeRight(CircleTest.java:78)
</error>
  </testcase>
  <testcase name="isInsideXYLeftUpInTest" classname="com.tieto.training.CircleTest" time="0">
    <error type="java.lang.NullPointerException">java.lang.NullPointerException
	at com.tieto.training.CircleTest.isInsideXYLeftUpInTest(CircleTest.java:62)
</error>
  </testcase>
</testsuite>